<?xml version="1.0" encoding="UTF-8"?>
<!-- Generated by org.testng.reporters.JUnitReportReporter -->
<testsuite hostname="DESKTOP-1IBMQKL" failures="0" tests="36" name="testNG.DemoTestng" time="0.219" errors="0" timestamp="2023-08-10T14:41:01 IST" skipped="0">
  <testcase classname="testNG.DemoTestng" name="test1" time="0.003"/>
  <testcase classname="testNG.DemoTestng" name="test1" time="0.001"/>
  <testcase classname="testNG.DemoTestng" name="test1" time="0.015"/>
  <testcase classname="testNG.DemoTestng" name="test1" time="0.021"/>
  <testcase classname="testNG.DemoTestng" name="test2" time="0.003"/>
  <testcase classname="testNG.DemoTestng" name="test2" time="0.002"/>
  <testcase classname="testNG.DemoTestng" name="test2" time="0.004"/>
  <testcase classname="testNG.DemoTestng" name="test2" time="0.004"/>
  <testcase classname="testNG.DemoTestng" name="test3" time="0.002"/>
  <testcase classname="testNG.DemoTestng" name="test3" time="0.003"/>
  <testcase classname="testNG.DemoTestng" name="test3" time="0.002"/>
  <testcase classname="testNG.DemoTestng" name="test3" time="0.003"/>
  <testcase classname="testNG.DemoTestng" name="test4" time="0.007"/>
  <testcase classname="testNG.DemoTestng" name="test4" time="0.003"/>
  <testcase classname="testNG.DemoTestng" name="test4" time="0.004"/>
  <testcase classname="testNG.DemoTestng" name="test4" time="0.011"/>
  <testcase classname="testNG.DemoTestng" name="test5" time="0.000"/>
  <testcase classname="testNG.DemoTestng" name="test5" time="0.002"/>
  <testcase classname="testNG.DemoTestng" name="test5" time="0.005"/>
  <testcase classname="testNG.DemoTestng" name="test5" time="0.007"/>
  <testcase classname="testNG.DemoTestng" name="test5" time="0.005"/>
  <testcase classname="testNG.DemoTestng" name="test5" time="0.001"/>
  <testcase classname="testNG.DemoTestng" name="test5" time="0.011"/>
  <testcase classname="testNG.DemoTestng" name="test5" time="0.003"/>
  <testcase classname="testNG.DemoTestng" name="test5" time="0.003"/>
  <testcase classname="testNG.DemoTestng" name="test5" time="0.006"/>
  <testcase classname="testNG.DemoTestng" name="test5" time="0.016"/>
  <testcase classname="testNG.DemoTestng" name="test5" time="0.007"/>
  <testcase classname="testNG.DemoTestng" name="test5" time="0.008"/>
  <testcase classname="testNG.DemoTestng" name="test5" time="0.006"/>
  <testcase classname="testNG.DemoTestng" name="test5" time="0.007"/>
  <testcase classname="testNG.DemoTestng" name="test5" time="0.006"/>
  <testcase classname="testNG.DemoTestng" name="test5" time="0.027"/>
  <testcase classname="testNG.DemoTestng" name="test5" time="0.003"/>
  <testcase classname="testNG.DemoTestng" name="test5" time="0.004"/>
  <testcase classname="testNG.DemoTestng" name="test5" time="0.004"/>
</testsuite> <!-- testNG.DemoTestng -->
