<?xml version="1.0" encoding="UTF-8"?>
<!-- Generated by org.testng.reporters.JUnitReportReporter -->
<testsuite hostname="DESKTOP-1IBMQKL" failures="0" tests="36" name="testNG.DemoTestng" time="0.218" errors="0" timestamp="2023-08-10T17:14:48 IST" skipped="0">
  <testcase classname="testNG.DemoTestng" name="test1" time="0.006"/>
  <testcase classname="testNG.DemoTestng" name="test1" time="0.004"/>
  <testcase classname="testNG.DemoTestng" name="test1" time="0.002"/>
  <testcase classname="testNG.DemoTestng" name="test1" time="0.005"/>
  <testcase classname="testNG.DemoTestng" name="test2" time="0.003"/>
  <testcase classname="testNG.DemoTestng" name="test2" time="0.001"/>
  <testcase classname="testNG.DemoTestng" name="test2" time="0.002"/>
  <testcase classname="testNG.DemoTestng" name="test2" time="0.002"/>
  <testcase classname="testNG.DemoTestng" name="test3" time="0.003"/>
  <testcase classname="testNG.DemoTestng" name="test3" time="0.003"/>
  <testcase classname="testNG.DemoTestng" name="test3" time="0.008"/>
  <testcase classname="testNG.DemoTestng" name="test3" time="0.007"/>
  <testcase classname="testNG.DemoTestng" name="test4" time="0.005"/>
  <testcase classname="testNG.DemoTestng" name="test4" time="0.002"/>
  <testcase classname="testNG.DemoTestng" name="test4" time="0.008"/>
  <testcase classname="testNG.DemoTestng" name="test4" time="0.005"/>
  <testcase classname="testNG.DemoTestng" name="test5" time="0.000"/>
  <testcase classname="testNG.DemoTestng" name="test5" time="0.005"/>
  <testcase classname="testNG.DemoTestng" name="test5" time="0.013"/>
  <testcase classname="testNG.DemoTestng" name="test5" time="0.008"/>
  <testcase classname="testNG.DemoTestng" name="test5" time="0.003"/>
  <testcase classname="testNG.DemoTestng" name="test5" time="0.009"/>
  <testcase classname="testNG.DemoTestng" name="test5" time="0.008"/>
  <testcase classname="testNG.DemoTestng" name="test5" time="0.011"/>
  <testcase classname="testNG.DemoTestng" name="test5" time="0.001"/>
  <testcase classname="testNG.DemoTestng" name="test5" time="0.004"/>
  <testcase classname="testNG.DemoTestng" name="test5" time="0.005"/>
  <testcase classname="testNG.DemoTestng" name="test5" time="0.011"/>
  <testcase classname="testNG.DemoTestng" name="test5" time="0.028"/>
  <testcase classname="testNG.DemoTestng" name="test5" time="0.012"/>
  <testcase classname="testNG.DemoTestng" name="test5" time="0.004"/>
  <testcase classname="testNG.DemoTestng" name="test5" time="0.011"/>
  <testcase classname="testNG.DemoTestng" name="test5" time="0.002"/>
  <testcase classname="testNG.DemoTestng" name="test5" time="0.006"/>
  <testcase classname="testNG.DemoTestng" name="test5" time="0.009"/>
  <testcase classname="testNG.DemoTestng" name="test5" time="0.002"/>
</testsuite> <!-- testNG.DemoTestng -->
